e:\it\project\github\computer-management\computer management project\dll_management\x64\debug\vc142.pdb
e:\it\project\github\computer-management\computer management project\dll_management\x64\debug\vc142.idb
e:\it\project\github\computer-management\computer management project\dll_management\x64\debug\management.obj
e:\it\project\github\computer-management\computer management project\dll_management\x64\debug\convert.obj
e:\it\project\github\computer-management\computer management project\dll_management\x64\debug\dll_management.obj
e:\it\project\github\computer-management\computer management project\x64\debug\management.lib
e:\it\project\github\computer-management\computer management project\x64\debug\management.exp
e:\it\project\github\computer-management\computer management project\x64\debug\management.dll
e:\it\project\github\computer-management\computer management project\x64\debug\management.ilk
e:\it\project\github\computer-management\computer management project\x64\debug\management.pdb
e:\it\project\github\computer-management\computer management project\dll_management\x64\debug\dll_management.res
e:\it\project\github\computer-management\computer management project\dll_management\x64\debug\dll_management.tlog\cl.command.1.tlog
e:\it\project\github\computer-management\computer management project\dll_management\x64\debug\dll_management.tlog\cl.read.1.tlog
e:\it\project\github\computer-management\computer management project\dll_management\x64\debug\dll_management.tlog\cl.write.1.tlog
e:\it\project\github\computer-management\computer management project\dll_management\x64\debug\dll_management.tlog\dll_management.write.1u.tlog
e:\it\project\github\computer-management\computer management project\dll_management\x64\debug\dll_management.tlog\link.command.1.tlog
e:\it\project\github\computer-management\computer management project\dll_management\x64\debug\dll_management.tlog\link.read.1.tlog
e:\it\project\github\computer-management\computer management project\dll_management\x64\debug\dll_management.tlog\link.write.1.tlog
e:\it\project\github\computer-management\computer management project\dll_management\x64\debug\dll_management.tlog\rc.command.1.tlog
e:\it\project\github\computer-management\computer management project\dll_management\x64\debug\dll_management.tlog\rc.read.1.tlog
e:\it\project\github\computer-management\computer management project\dll_management\x64\debug\dll_management.tlog\rc.write.1.tlog
