  pch.cpp
  PasswordBox.cpp
  AppConfig.cpp
  AppCef.cpp
  APP_Dll_SWR.cpp
  CEF_Main_App.cpp
  CEF_Main_V8Handler.cpp
  Variable.cpp
  Login_Dlg.cpp
  Main_Dlg.cpp
  ManagementDll.cpp
  SRWDll.cpp
  WeteoesDll.cpp
  CEF_App.cc
  CEF_Handler.cc
  CEF_Login_App.cpp
  CEF_Login_V8Handler.cpp
  CEF_V8Handler.cpp
  正在生成代码
  202 of 1010 functions (20.0%) were compiled, the rest were copied from previous compilation.
    61 functions were new in current compilation
    82 functions had inline decision re-evaluated but remain unchanged
  已完成代码的生成
  PasswordBox.vcxproj -> E:\IT\Project\GitHub\PasswordBox\win\PasswordBox\x64\Release\PasswordBox.exe
