e:\it\project\github\passwordbox\win\passwordbox\passwordbox\x64\release\passwordbox.pch
e:\it\project\github\passwordbox\win\passwordbox\passwordbox\x64\release\vc142.pdb
e:\it\project\github\passwordbox\win\passwordbox\passwordbox\x64\release\pch.obj
e:\it\project\github\passwordbox\win\passwordbox\passwordbox\x64\release\cef_main_v8handler.obj
e:\it\project\github\passwordbox\win\passwordbox\passwordbox\x64\release\cef_main_app.obj
e:\it\project\github\passwordbox\win\passwordbox\passwordbox\x64\release\cef_app_ready.obj
e:\it\project\github\passwordbox\win\passwordbox\passwordbox\x64\release\cef_login_v8handler.obj
e:\it\project\github\passwordbox\win\passwordbox\passwordbox\x64\release\cef_login_app.obj
e:\it\project\github\passwordbox\win\passwordbox\passwordbox\x64\release\cef_init_app.obj
e:\it\project\github\passwordbox\win\passwordbox\passwordbox\x64\release\cef_changepassword_v8handler.obj
e:\it\project\github\passwordbox\win\passwordbox\passwordbox\x64\release\cef_changepassword_app.obj
e:\it\project\github\passwordbox\win\passwordbox\passwordbox\x64\release\configdll.obj
e:\it\project\github\passwordbox\win\passwordbox\passwordbox\x64\release\w_icon_dlg.obj
e:\it\project\github\passwordbox\win\passwordbox\passwordbox\x64\release\login_dlg.obj
e:\it\project\github\passwordbox\win\passwordbox\passwordbox\x64\release\changepassword_dlg.obj
e:\it\project\github\passwordbox\win\passwordbox\passwordbox\x64\release\app_dll_swr.obj
e:\it\project\github\passwordbox\win\passwordbox\passwordbox\x64\release\createdlg.obj
e:\it\project\github\passwordbox\win\passwordbox\passwordbox\x64\release\appcefbasic.obj
e:\it\project\github\passwordbox\win\passwordbox\passwordbox\x64\release\appcef.obj
e:\it\project\github\passwordbox\win\passwordbox\passwordbox\x64\release\appicon.obj
e:\it\project\github\passwordbox\win\passwordbox\passwordbox\x64\release\appdlg.obj
e:\it\project\github\passwordbox\win\passwordbox\passwordbox\x64\release\appconfig.obj
e:\it\project\github\passwordbox\win\passwordbox\passwordbox\x64\release\passwordbox.obj
e:\it\project\github\passwordbox\win\passwordbox\passwordbox\x64\release\cef_v8handler.obj
e:\it\project\github\passwordbox\win\passwordbox\passwordbox\x64\release\cef_init_v8handler.obj
e:\it\project\github\passwordbox\win\passwordbox\passwordbox\x64\release\cef_handler.obj
e:\it\project\github\passwordbox\win\passwordbox\passwordbox\x64\release\cef_app.obj
e:\it\project\github\passwordbox\win\passwordbox\passwordbox\x64\release\weteoesdll.obj
e:\it\project\github\passwordbox\win\passwordbox\passwordbox\x64\release\srwdll.obj
e:\it\project\github\passwordbox\win\passwordbox\passwordbox\x64\release\managementdll.obj
e:\it\project\github\passwordbox\win\passwordbox\passwordbox\x64\release\main_dlg.obj
e:\it\project\github\passwordbox\win\passwordbox\passwordbox\x64\release\init_dlg.obj
e:\it\project\github\passwordbox\win\passwordbox\passwordbox\x64\release\variable.obj
e:\it\project\github\passwordbox\win\passwordbox\x64\release\passwordbox.exe
e:\it\project\github\passwordbox\win\passwordbox\x64\release\passwordbox.pdb
e:\it\project\github\passwordbox\win\passwordbox\x64\release\passwordbox.ipdb
e:\it\project\github\passwordbox\win\passwordbox\x64\release\passwordbox.iobj
e:\it\project\github\passwordbox\win\passwordbox\passwordbox\x64\release\passwordbox.res
e:\it\project\github\passwordbox\win\passwordbox\passwordbox\x64\release\passwordbox.tlog\cl.command.1.tlog
e:\it\project\github\passwordbox\win\passwordbox\passwordbox\x64\release\passwordbox.tlog\cl.read.1.tlog
e:\it\project\github\passwordbox\win\passwordbox\passwordbox\x64\release\passwordbox.tlog\cl.write.1.tlog
e:\it\project\github\passwordbox\win\passwordbox\passwordbox\x64\release\passwordbox.tlog\link.command.1.tlog
e:\it\project\github\passwordbox\win\passwordbox\passwordbox\x64\release\passwordbox.tlog\link.read.1.tlog
e:\it\project\github\passwordbox\win\passwordbox\passwordbox\x64\release\passwordbox.tlog\link.write.1.tlog
e:\it\project\github\passwordbox\win\passwordbox\passwordbox\x64\release\passwordbox.tlog\passwordbox.write.1u.tlog
e:\it\project\github\passwordbox\win\passwordbox\passwordbox\x64\release\passwordbox.tlog\rc.command.1.tlog
e:\it\project\github\passwordbox\win\passwordbox\passwordbox\x64\release\passwordbox.tlog\rc.read.1.tlog
e:\it\project\github\passwordbox\win\passwordbox\passwordbox\x64\release\passwordbox.tlog\rc.write.1.tlog
