e:\it\project\github\passwordbox\win\passwordbox\dll_sr\x64\debug\srw.pch
e:\it\project\github\passwordbox\win\passwordbox\dll_sr\x64\debug\vc142.pdb
e:\it\project\github\passwordbox\win\passwordbox\dll_sr\x64\debug\vc142.idb
e:\it\project\github\passwordbox\win\passwordbox\dll_sr\x64\debug\dllsrw.obj
e:\it\project\github\passwordbox\win\passwordbox\dll_sr\x64\debug\config.obj
e:\it\project\github\passwordbox\win\passwordbox\dll_sr\x64\debug\rsa.obj
e:\it\project\github\passwordbox\win\passwordbox\dll_sr\x64\debug\webbasic.obj
e:\it\project\github\passwordbox\win\passwordbox\dll_sr\x64\debug\weboperating.obj
e:\it\project\github\passwordbox\win\passwordbox\dll_sr\x64\debug\configdll.obj
e:\it\project\github\passwordbox\win\passwordbox\dll_sr\x64\debug\managementdll.obj
e:\it\project\github\passwordbox\win\passwordbox\dll_sr\x64\debug\weteoesdll.obj
e:\it\project\github\passwordbox\win\passwordbox\dll_sr\x64\debug\csocket.obj
e:\it\project\github\passwordbox\win\passwordbox\dll_sr\x64\debug\ssocket.obj
e:\it\project\github\passwordbox\win\passwordbox\dll_sr\x64\debug\variable.obj
e:\it\project\github\passwordbox\win\passwordbox\x64\debug\srw.lib
e:\it\project\github\passwordbox\win\passwordbox\x64\debug\srw.exp
e:\it\project\github\passwordbox\win\passwordbox\x64\debug\srw.dll
e:\it\project\github\passwordbox\win\passwordbox\x64\debug\srw.ilk
e:\it\project\github\passwordbox\win\passwordbox\x64\debug\srw.pdb
e:\it\project\github\passwordbox\win\passwordbox\dll_sr\x64\debug\dll_sr.res
e:\it\project\github\passwordbox\win\passwordbox\dll_sr\x64\debug\dll_srw.tlog\cl.command.1.tlog
e:\it\project\github\passwordbox\win\passwordbox\dll_sr\x64\debug\dll_srw.tlog\cl.read.1.tlog
e:\it\project\github\passwordbox\win\passwordbox\dll_sr\x64\debug\dll_srw.tlog\cl.write.1.tlog
e:\it\project\github\passwordbox\win\passwordbox\dll_sr\x64\debug\dll_srw.tlog\dll_srw.write.1u.tlog
e:\it\project\github\passwordbox\win\passwordbox\dll_sr\x64\debug\dll_srw.tlog\link.command.1.tlog
e:\it\project\github\passwordbox\win\passwordbox\dll_sr\x64\debug\dll_srw.tlog\link.read.1.tlog
e:\it\project\github\passwordbox\win\passwordbox\dll_sr\x64\debug\dll_srw.tlog\link.write.1.tlog
e:\it\project\github\passwordbox\win\passwordbox\dll_sr\x64\debug\dll_srw.tlog\rc.command.1.tlog
e:\it\project\github\passwordbox\win\passwordbox\dll_sr\x64\debug\dll_srw.tlog\rc.read.1.tlog
e:\it\project\github\passwordbox\win\passwordbox\dll_sr\x64\debug\dll_srw.tlog\rc.write.1.tlog
