e:\it\project\github\passwordbox\win\passwordbox\passwordbox\x64\debug\passwordbox.pch
e:\it\project\github\passwordbox\win\passwordbox\passwordbox\x64\debug\vc142.pdb
e:\it\project\github\passwordbox\win\passwordbox\passwordbox\x64\debug\vc142.idb
e:\it\project\github\passwordbox\win\passwordbox\passwordbox\x64\debug\pch.obj
e:\it\project\github\passwordbox\win\passwordbox\passwordbox\x64\debug\v8handler.obj
e:\it\project\github\passwordbox\win\passwordbox\passwordbox\x64\debug\simple_handler_win.obj
e:\it\project\github\passwordbox\win\passwordbox\passwordbox\x64\debug\simple_handler.obj
e:\it\project\github\passwordbox\win\passwordbox\passwordbox\x64\debug\weteoesdll.obj
e:\it\project\github\passwordbox\win\passwordbox\passwordbox\x64\debug\managementdll.obj
e:\it\project\github\passwordbox\win\passwordbox\passwordbox\x64\debug\passwordboxdlg.obj
e:\it\project\github\passwordbox\win\passwordbox\passwordbox\x64\debug\appcef.obj
e:\it\project\github\passwordbox\win\passwordbox\passwordbox\x64\debug\passwordbox.obj
e:\it\project\github\passwordbox\win\passwordbox\passwordbox\x64\debug\appconfig.obj
e:\it\project\github\passwordbox\win\passwordbox\passwordbox\x64\debug\simple_app.obj
e:\it\project\github\passwordbox\win\passwordbox\passwordbox\x64\debug\passwordbox.res
e:\it\project\github\passwordbox\win\passwordbox\x64\debug\passwordbox.pdb
e:\it\project\github\passwordbox\win\passwordbox\passwordbox\x64\debug\passwordbox.tlog\cl.command.1.tlog
e:\it\project\github\passwordbox\win\passwordbox\passwordbox\x64\debug\passwordbox.tlog\cl.read.1.tlog
e:\it\project\github\passwordbox\win\passwordbox\passwordbox\x64\debug\passwordbox.tlog\cl.write.1.tlog
e:\it\project\github\passwordbox\win\passwordbox\passwordbox\x64\debug\passwordbox.tlog\link-cvtres.read.1.tlog
e:\it\project\github\passwordbox\win\passwordbox\passwordbox\x64\debug\passwordbox.tlog\link-cvtres.write.1.tlog
e:\it\project\github\passwordbox\win\passwordbox\passwordbox\x64\debug\passwordbox.tlog\link-mt.read.1.tlog
e:\it\project\github\passwordbox\win\passwordbox\passwordbox\x64\debug\passwordbox.tlog\link-mt.write.1.tlog
e:\it\project\github\passwordbox\win\passwordbox\passwordbox\x64\debug\passwordbox.tlog\link-rc.read.1.tlog
e:\it\project\github\passwordbox\win\passwordbox\passwordbox\x64\debug\passwordbox.tlog\link-rc.write.1.tlog
e:\it\project\github\passwordbox\win\passwordbox\passwordbox\x64\debug\passwordbox.tlog\link.command.1.tlog
e:\it\project\github\passwordbox\win\passwordbox\passwordbox\x64\debug\passwordbox.tlog\link.read.1.tlog
e:\it\project\github\passwordbox\win\passwordbox\passwordbox\x64\debug\passwordbox.tlog\link.write.1.tlog
e:\it\project\github\passwordbox\win\passwordbox\passwordbox\x64\debug\passwordbox.tlog\rc.command.1.tlog
e:\it\project\github\passwordbox\win\passwordbox\passwordbox\x64\debug\passwordbox.tlog\rc.read.1.tlog
e:\it\project\github\passwordbox\win\passwordbox\passwordbox\x64\debug\passwordbox.tlog\rc.write.1.tlog
