e:\it\project\github\passwordbox\win\passwordbox\dll_config\x64\release\config.pch
e:\it\project\github\passwordbox\win\passwordbox\dll_config\x64\release\vc142.pdb
e:\it\project\github\passwordbox\win\passwordbox\dll_config\x64\release\aesclass.obj
e:\it\project\github\passwordbox\win\passwordbox\dll_config\x64\release\configfile.obj
e:\it\project\github\passwordbox\win\passwordbox\dll_config\x64\release\dllconfig.obj
e:\it\project\github\passwordbox\win\passwordbox\dll_config\x64\release\readxmlconfig.obj
e:\it\project\github\passwordbox\win\passwordbox\dll_config\x64\release\returnxmlstruct.obj
e:\it\project\github\passwordbox\win\passwordbox\dll_config\x64\release\setxmlconfig.obj
e:\it\project\github\passwordbox\win\passwordbox\dll_config\x64\release\srwdll.obj
e:\it\project\github\passwordbox\win\passwordbox\dll_config\x64\release\weteoesdll.obj
e:\it\project\github\passwordbox\win\passwordbox\dll_config\x64\release\tinyxml2.obj
e:\it\project\github\passwordbox\win\passwordbox\dll_config\x64\release\xml.obj
e:\it\project\github\passwordbox\win\passwordbox\dll_config\x64\release\createxmlconfig.obj
e:\it\project\github\passwordbox\win\passwordbox\dll_config\x64\release\variable.obj
e:\it\project\github\passwordbox\win\passwordbox\x64\release\config.lib
e:\it\project\github\passwordbox\win\passwordbox\x64\release\config.exp
e:\it\project\github\passwordbox\win\passwordbox\x64\release\config.ipdb
e:\it\project\github\passwordbox\win\passwordbox\x64\release\config.iobj
e:\it\project\github\passwordbox\win\passwordbox\x64\release\config.dll
e:\it\project\github\passwordbox\win\passwordbox\x64\release\config.pdb
e:\it\project\github\passwordbox\win\passwordbox\dll_config\x64\release\dll_config.res
e:\it\project\github\passwordbox\win\passwordbox\dll_config\x64\release\dll_config.tlog\cl.command.1.tlog
e:\it\project\github\passwordbox\win\passwordbox\dll_config\x64\release\dll_config.tlog\cl.read.1.tlog
e:\it\project\github\passwordbox\win\passwordbox\dll_config\x64\release\dll_config.tlog\cl.write.1.tlog
e:\it\project\github\passwordbox\win\passwordbox\dll_config\x64\release\dll_config.tlog\dll_config.write.1u.tlog
e:\it\project\github\passwordbox\win\passwordbox\dll_config\x64\release\dll_config.tlog\link.command.1.tlog
e:\it\project\github\passwordbox\win\passwordbox\dll_config\x64\release\dll_config.tlog\link.read.1.tlog
e:\it\project\github\passwordbox\win\passwordbox\dll_config\x64\release\dll_config.tlog\link.write.1.tlog
e:\it\project\github\passwordbox\win\passwordbox\dll_config\x64\release\dll_config.tlog\rc.command.1.tlog
e:\it\project\github\passwordbox\win\passwordbox\dll_config\x64\release\dll_config.tlog\rc.read.1.tlog
e:\it\project\github\passwordbox\win\passwordbox\dll_config\x64\release\dll_config.tlog\rc.write.1.tlog
