e:\it\project\github\passwordbox\win\passwordbox\dll_config\x64\debug\config.pch
e:\it\project\github\passwordbox\win\passwordbox\dll_config\x64\debug\vc142.pdb
e:\it\project\github\passwordbox\win\passwordbox\dll_config\x64\debug\vc142.idb
e:\it\project\github\passwordbox\win\passwordbox\dll_config\x64\debug\configfile.obj
e:\it\project\github\passwordbox\win\passwordbox\dll_config\x64\debug\dllconfig.obj
e:\it\project\github\passwordbox\win\passwordbox\dll_config\x64\debug\readxmlconfig.obj
e:\it\project\github\passwordbox\win\passwordbox\dll_config\x64\debug\returnxmlstruct.obj
e:\it\project\github\passwordbox\win\passwordbox\dll_config\x64\debug\setxmlconfig.obj
e:\it\project\github\passwordbox\win\passwordbox\dll_config\x64\debug\srwdll.obj
e:\it\project\github\passwordbox\win\passwordbox\dll_config\x64\debug\weteoesdll.obj
e:\it\project\github\passwordbox\win\passwordbox\dll_config\x64\debug\tinyxml2.obj
e:\it\project\github\passwordbox\win\passwordbox\dll_config\x64\debug\xml.obj
e:\it\project\github\passwordbox\win\passwordbox\dll_config\x64\debug\createxmlconfig.obj
e:\it\project\github\passwordbox\win\passwordbox\dll_config\x64\debug\variable.obj
e:\it\project\github\passwordbox\win\passwordbox\x64\debug\config.lib
e:\it\project\github\passwordbox\win\passwordbox\x64\debug\config.exp
e:\it\project\github\passwordbox\win\passwordbox\x64\debug\config.ilk
e:\it\project\github\passwordbox\win\passwordbox\x64\debug\config.dll
e:\it\project\github\passwordbox\win\passwordbox\x64\debug\config.pdb
e:\it\project\github\passwordbox\win\passwordbox\dll_config\x64\debug\dll_config.res
e:\it\project\github\passwordbox\win\passwordbox\dll_config\x64\debug\dll_config.tlog\cl.command.1.tlog
e:\it\project\github\passwordbox\win\passwordbox\dll_config\x64\debug\dll_config.tlog\cl.read.1.tlog
e:\it\project\github\passwordbox\win\passwordbox\dll_config\x64\debug\dll_config.tlog\cl.write.1.tlog
e:\it\project\github\passwordbox\win\passwordbox\dll_config\x64\debug\dll_config.tlog\dll_config.write.1u.tlog
e:\it\project\github\passwordbox\win\passwordbox\dll_config\x64\debug\dll_config.tlog\link.command.1.tlog
e:\it\project\github\passwordbox\win\passwordbox\dll_config\x64\debug\dll_config.tlog\link.read.1.tlog
e:\it\project\github\passwordbox\win\passwordbox\dll_config\x64\debug\dll_config.tlog\link.write.1.tlog
e:\it\project\github\passwordbox\win\passwordbox\dll_config\x64\debug\dll_config.tlog\rc.command.1.tlog
e:\it\project\github\passwordbox\win\passwordbox\dll_config\x64\debug\dll_config.tlog\rc.read.1.tlog
e:\it\project\github\passwordbox\win\passwordbox\dll_config\x64\debug\dll_config.tlog\rc.write.1.tlog
